0 info it worked if it ends with ok
1 verbose cli [ '/usr/bin/nodejs', '/usr/bin/npm', 'run', 'build' ]
2 info using npm@3.5.2
3 info using node@v4.2.6
4 verbose run-script [ 'prebuild', 'build', 'postbuild' ]
5 info lifecycle front-end@0.1.0~prebuild: front-end@0.1.0
6 silly lifecycle front-end@0.1.0~prebuild: no script for prebuild, continuing
7 info lifecycle front-end@0.1.0~build: front-end@0.1.0
8 verbose lifecycle front-end@0.1.0~build: unsafe-perm in lifecycle true
9 verbose lifecycle front-end@0.1.0~build: PATH: /usr/share/npm/bin/node-gyp-bin:/home/emmazhao/ece444/Assignment_1_starter_template/Education_Pathways/frontend/node_modules/.bin:/home/emmazhao/ece444/venv/bin:/home/emmazhao/bin:/home/emmazhao/.local/bin:/home/emmazhao/anaconda3/bin:/home/emmazhao/anaconda3/condabin:/usr/local/sbin:/usr/local/bin:/usr/sbin:/usr/bin:/sbin:/bin:/usr/games:/usr/local/games:/mnt/c/Program Files/Common Files/Oracle/Java/javapath:/mnt/c/Program Files (x86)/Common Files/Intel/Shared Libraries/redist/intel64_win/compiler:/mnt/c/Users/Emma/AppData/Local/Packages/PythonSoftwareFoundation.Python.3.8_qbz5n2kfra8p0/LocalCache/local-packages/Python38/Scripts:/mnt/c/Program Files (x86)/Common Files/Oracle/Java/javapath:/mnt/c/Windows/system32:/mnt/c/Windows:/mnt/c/Windows/System32/Wbem:/mnt/c/Windows/System32/WindowsPowerShell/v1.0:/mnt/c/Windows/System32/OpenSSH:/mnt/c/Program Files (x86)/NVIDIA Corporation/PhysX/Common:/mnt/c/WINDOWS/system32:/mnt/c/WINDOWS:/mnt/c/WINDOWS/System32/Wbem:/mnt/c/WINDOWS/System32/WindowsPowerShell/v1.0:/mnt/c/WINDOWS/System32/OpenSSH:/mnt/c/Program Files (x86)/PuTTY:/mnt/c/Program Files/MATLAB/R2020b/bin:/mnt/c/Program Files/dotnet:/mnt/c/Program Files/Docker/Docker/resources/bin:/mnt/c/ProgramData/DockerDesktop/version-bin:/mnt/c/Program Files/Git/cmd:/mnt/c/iverilog/bin:/mnt/c/intelFPGA_lite/18.1/modelsim_ase/win32aloem:/mnt/c/Users/Emma/AppData/Local/Microsoft/WindowsApps:/mnt/c/Users/Emma/AppData/Local/Google/Cloud SDK/google-cloud-sdk/bin:/mnt/c/Users/Emma/AppData/Local/Programs/Microsoft VS Code/bin:/mnt/c/Users/Emma/.dotnet/tools:/snap/bin
10 verbose lifecycle front-end@0.1.0~build: CWD: /home/emmazhao/ece444/Assignment_1_starter_template/Education_Pathways/frontend
11 silly lifecycle front-end@0.1.0~build: Args: [ '-c', 'react-scripts build' ]
12 info lifecycle front-end@0.1.0~build: Failed to exec build script
13 verbose stack Error: front-end@0.1.0 build: `react-scripts build`
13 verbose stack spawn ENOENT
13 verbose stack     at ChildProcess.<anonymous> (/usr/share/npm/lib/utils/spawn.js:17:16)
13 verbose stack     at emitTwo (events.js:87:13)
13 verbose stack     at ChildProcess.emit (events.js:172:7)
13 verbose stack     at maybeClose (internal/child_process.js:821:16)
13 verbose stack     at Process.ChildProcess._handle.onexit (internal/child_process.js:211:5)
14 verbose pkgid front-end@0.1.0
15 verbose cwd /home/emmazhao/ece444/Assignment_1_starter_template/Education_Pathways/frontend
16 error Linux 4.4.0-19041-Microsoft
17 error argv "/usr/bin/nodejs" "/usr/bin/npm" "run" "build"
18 error node v4.2.6
19 error npm  v3.5.2
20 error file sh
21 error code ELIFECYCLE
22 error errno ENOENT
23 error syscall spawn
24 error front-end@0.1.0 build: `react-scripts build`
24 error spawn ENOENT
25 error Failed at the front-end@0.1.0 build script 'react-scripts build'.
25 error Make sure you have the latest version of node.js and npm installed.
25 error If you do, this is most likely a problem with the front-end package,
25 error not with npm itself.
25 error Tell the author that this fails on your system:
25 error     react-scripts build
25 error You can get information on how to open an issue for this project with:
25 error     npm bugs front-end
25 error Or if that isn't available, you can get their info via:
25 error     npm owner ls front-end
25 error There is likely additional logging output above.
26 verbose exit [ 1, true ]
